Server running on port 49786
AUTHENTICATED
Client is ready!
File 'Rekap_Taksasi_Sulung Research Station_Kamis, 14 Desember 2023.pdf' in folder 'Wilayah_9' deleted successfully.
Message sent successfully!
Generate Maps at 16:57..
Message sent to the group successfully at 16:57!
Process completed for 'https://srs-ssms.com/rekap_pdf/check_taksasi_get.php'
Taksasi generated Maps successfully
No files found or empty folder. Nothing to delete.
Sending files at 00 17 * * * (WIB)...
Message sent to the group successfully!
Process completed for 'https://srs-ssms.com/rekap_pdf/check_taksasi_get.php'
Taksasi generated Maps successfully
No files found or empty folder. Nothing to delete.
Process completed for 'https://srs-ssms.com/rekap_pdf/pdf_taksasi_folder_upe.php'
Taksasi generated successfully for taksasi 'UPE'
File "Rekap_Taksasi_Umpang_Kamis, 14 Desember 2023.pdf" sent to the group 120363048442215265@g.us as a document!
File 'Rekap_Taksasi_Umpang_Kamis, 14 Desember 2023.pdf' in folder 'Wilayah_3' deleted successfully.
Sender: 6281349807050@c.us
Server running on port 50092
AUTHENTICATED
Client is ready!
No files found or empty folder. Nothing to delete.
Message sent successfully!
Generate Maps at 08:57..
Message sent to the group successfully at 08:57!
Process completed for 'https://srs-ssms.com/rekap_pdf/check_taksasi_get.php'
Taksasi generated Maps successfully
No files found or empty folder. Nothing to delete.
Sending files at 00 09 * * * (WIB)...
Message sent to the group successfully!
Process completed for 'https://srs-ssms.com/rekap_pdf/check_taksasi_get.php'
Taksasi generated Maps successfully
No files found or empty folder. Nothing to delete.
Process completed for 'https://srs-ssms.com/rekap_pdf/pdf_taksasi_folder_bde.php'
Taksasi generated successfully for taksasi 'BDE'
File "Rekap_Taksasi_Badirih_Jumat, 15 Desember 2023.pdf" sent to the group 120363166668733371@g.us as a document!
File 'Rekap_Taksasi_Badirih_Jumat, 15 Desember 2023.pdf' in folder 'Wilayah_7' deleted successfully.
Server running on port 51084
AUTHENTICATED
Client is ready!
File 'Rekap_Taksasi_Badirih_Jumat, 15 Desember 2023.pdf' in folder 'Wilayah_7' deleted successfully.
Message sent successfully!
Generate Maps at 11:57..
Message sent to the group successfully at 11:57!
Process completed for 'https://srs-ssms.com/rekap_pdf/check_taksasi_get.php'
Taksasi generated Maps successfully
No files found or empty folder. Nothing to delete.
Sending files at 00 12 * * * (WIB)...
Message sent to the group successfully!
Process completed for 'https://srs-ssms.com/rekap_pdf/check_taksasi_get.php'
Taksasi generated Maps successfully
No files found or empty folder. Nothing to delete.
Process completed for 'https://srs-ssms.com/rekap_pdf/pdf_taksasi_folder.php?est=kte.php'
Taksasi generated successfully for taksasi 'KTE'
Process completed for 'https://srs-ssms.com/rekap_pdf/check_taksasi_get.php'
Taksasi generated Maps successfully
Process completed for 'https://srs-ssms.com/rekap_pdf/check_taksasi_get.php'
Taksasi generated Maps successfully
No files found or empty folder. Nothing to delete.
Process completed for 'https://srs-ssms.com/rekap_pdf/pdf_taksasi_folder.php?est=kte.php'
Taksasi generated successfully for taksasi 'KTE'
Files generated successfully for 'KTE' in folder 'Wilayah_7'.
Process completed for 'https://srs-ssms.com/rekap_pdf/check_taksasi_get.php'
Taksasi generated Maps successfully
Process completed for 'https://srs-ssms.com/rekap_pdf/check_taksasi_get.php'
Taksasi generated Maps successfully
File 'Rekap_Taksasi_Kanamit_Jumat, 15 Desember 2023.pdf' in folder 'Wilayah_7' deleted successfully.
Process completed for 'https://srs-ssms.com/rekap_pdf/pdf_taksasi_folder.php?est=kte.php'
Taksasi generated successfully for taksasi 'KTE'
Files generated successfully for 'KTE' in folder 'Wilayah_7'.
Server running on port 53440
AUTHENTICATED
Client is ready!
No files found or empty folder. Nothing to delete.
Message sent successfully!
Process completed for 'https://srs-ssms.com/rekap_pdf/check_taksasi_get.php'
Taksasi generated Maps successfully
Process completed for 'https://srs-ssms.com/rekap_pdf/check_taksasi_get.php'
Taksasi generated Maps successfully
No files found or empty folder. Nothing to delete.
Process completed for 'https://srs-ssms.com/rekap_pdf/pdf_taksasi_folder_kte.php'
Taksasi generated successfully for taksasi 'KTE'
Files generated successfully for 'KTE' in folder 'Wilayah_7'.
File "Rekap_Taksasi_Kanamit_Jumat, 15 Desember 2023.pdf" sent to the group 120363170524329595@g.us as a document!
File 'Rekap_Taksasi_Kanamit_Jumat, 15 Desember 2023.pdf' in folder 'Wilayah_7' deleted successfully.
Generate Maps at 13:57..
Message sent to the group successfully at 13:57!
Process completed for 'https://srs-ssms.com/rekap_pdf/check_taksasi_get.php'
Taksasi generated Maps successfully
No files found or empty folder. Nothing to delete.
Sending files at 00 14 * * * (WIB)...
Message sent to the group successfully!
Process completed for 'https://srs-ssms.com/rekap_pdf/check_taksasi_get.php'
Taksasi generated Maps successfully
No files found or empty folder. Nothing to delete.
Process completed for 'https://srs-ssms.com/rekap_pdf/pdf_taksasi_folder.php?est=sce.php'
Taksasi generated successfully for taksasi 'SCE'
Process completed for 'https://srs-ssms.com/rekap_pdf/check_taksasi_get.php'
Taksasi generated Maps successfully
Process completed for 'https://srs-ssms.com/rekap_pdf/check_taksasi_get.php'
Taksasi generated Maps successfully
No files found or empty folder. Nothing to delete.
Process completed for 'https://srs-ssms.com/rekap_pdf/pdf_taksasi_folder.php?est=sce.php'
Taksasi generated successfully for taksasi 'SCE'
Files generated successfully for 'SCE' in folder 'Wilayah_7'.
Server running on port 55833
AUTHENTICATED
Client is ready!
No files found or empty folder. Nothing to delete.
Message sent successfully!
Process completed for 'https://srs-ssms.com/rekap_pdf/check_taksasi_get.php'
Taksasi generated Maps successfully
Process completed for 'https://srs-ssms.com/rekap_pdf/check_taksasi_get.php'
Taksasi generated Maps successfully
No files found or empty folder. Nothing to delete.
Process completed for 'https://srs-ssms.com/rekap_pdf/pdf_taksasi_folder_sce.php'
Taksasi generated successfully for taksasi 'SCE'
Files generated successfully for 'SCE' in folder 'Wilayah_7'.
Server running on port 55999
AUTHENTICATED
Client is ready!
File 'Rekap_Taksasi_Sumber Cahaya_Jumat, 15 Desember 2023.pdf' in folder 'Wilayah_6' deleted successfully.
Message sent successfully!
Process completed for 'https://srs-ssms.com/rekap_pdf/check_taksasi_get.php'
Taksasi generated Maps successfully
Process completed for 'https://srs-ssms.com/rekap_pdf/check_taksasi_get.php'
Taksasi generated Maps successfully
No files found or empty folder. Nothing to delete.
Process completed for 'https://srs-ssms.com/rekap_pdf/pdf_taksasi_folder_sce.php'
Taksasi generated successfully for taksasi 'SCE'
Files generated successfully for 'SCE' in folder 'Wilayah_7'.
Server running on port 56133
AUTHENTICATED
Client is ready!
File 'Rekap_Taksasi_Sumber Cahaya_Jumat, 15 Desember 2023.pdf' in folder 'Wilayah_6' deleted successfully.
Message sent successfully!
Server running on port 56193
AUTHENTICATED
Client is ready!
No files found or empty folder. Nothing to delete.
Process completed for 'https://srs-ssms.com/rekap_pdf/pdf_taksasi_folder_sce.php'
Taksasi generated successfully for taksasi 'SCE'
File "Rekap_Taksasi_Sumber Cahaya_Jumat, 15 Desember 2023.pdf" sent to the group 120363152744155925@g.us as a document!
File 'Rekap_Taksasi_Sumber Cahaya_Jumat, 15 Desember 2023.pdf' in folder 'Wilayah_6' deleted successfully.
Message sent successfully!
Server running on port 56285
AUTHENTICATED
Client is ready!
No files found or empty folder. Nothing to delete.
Message sent successfully!
Sending files at 00 15 * * * (WIB)...
Message sent to the group successfully!
Process completed for 'https://srs-ssms.com/rekap_pdf/check_taksasi_get.php'
Taksasi generated Maps successfully
No files found or empty folder. Nothing to delete.
Sending files at 20 15 * * * (WIB)...
Message sent to the group successfully!
Process completed for 'https://srs-ssms.com/rekap_pdf/check_taksasi_get.php'
Taksasi generated Maps successfully
No files found or empty folder. Nothing to delete.
Server running on port 57381
AUTHENTICATED
Client is ready!
No files found or empty folder. Nothing to delete.
Process completed for 'https://srs-ssms.com/rekap_pdf/pdf_taksasi_folder_bhe.php'
Taksasi generated successfully for taksasi 'BHE'
File "Rekap_Taksasi_Bahaur_Jumat, 15 Desember 2023.pdf" sent to the group 120363149785590346@g.us as a document!
File 'Rekap_Taksasi_Bahaur_Jumat, 15 Desember 2023.pdf' in folder 'Wilayah_8' deleted successfully.
Message sent successfully!
Generate Maps at 15:57..
Message sent to the group successfully at 15:57!
Process completed for 'https://srs-ssms.com/rekap_pdf/check_taksasi_get.php'
Taksasi generated Maps successfully
Sending files to groups wil 1 2 3 at 16:05 (WIB)...
Message sent to the group successfully!
No files found or empty folder. Nothing to delete.
Taksasi generated successfully
File "Rekap_Taksasi_Kenambui_Jumat, 15 Desember 2023.pdf" sent to the group 120363025737216061@g.us as a document!
File 'Rekap_Taksasi_Kenambui_Jumat, 15 Desember 2023.pdf' in folder 'Wilayah_1' deleted successfully.
File "Rekap_Taksasi_Pulau_Jumat, 15 Desember 2023.pdf" sent to the group 120363025737216061@g.us as a document!
File 'Rekap_Taksasi_Pulau_Jumat, 15 Desember 2023.pdf' in folder 'Wilayah_1' deleted successfully.
File "Rekap_Taksasi_Rangda_Jumat, 15 Desember 2023.pdf" sent to the group 120363025737216061@g.us as a document!
File 'Rekap_Taksasi_Rangda_Jumat, 15 Desember 2023.pdf' in folder 'Wilayah_1' deleted successfully.
File "Rekap_Taksasi_Sulung_Jumat, 15 Desember 2023.pdf" sent to the group 120363025737216061@g.us as a document!
File 'Rekap_Taksasi_Sulung_Jumat, 15 Desember 2023.pdf' in folder 'Wilayah_1' deleted successfully.
File "Rekap_Taksasi_Batu Kotam_Jumat, 15 Desember 2023.pdf" sent to the group 120363047670143778@g.us as a document!
File 'Rekap_Taksasi_Batu Kotam_Jumat, 15 Desember 2023.pdf' in folder 'Wilayah_2' deleted successfully.
File "Rekap_Taksasi_Kondang_Jumat, 15 Desember 2023.pdf" sent to the group 120363047670143778@g.us as a document!
File "Rekap_Taksasi_Rungun_Jumat, 15 Desember 2023.pdf" sent to the group 120363047670143778@g.us as a document!
File "Rekap_Taksasi_Selangkun_Jumat, 15 Desember 2023.pdf" sent to the group 120363047670143778@g.us as a document!
File 'Rekap_Taksasi_Selangkun_Jumat, 15 Desember 2023.pdf' in folder 'Wilayah_2' deleted successfully.
Notification sent to the group about the error.
Server running on port 57820
AUTHENTICATED
Client is ready!
File 'Rekap_Taksasi_Kondang_Jumat, 15 Desember 2023.pdf' in folder 'Wilayah_2' deleted successfully.
File 'Rekap_Taksasi_Rungun_Jumat, 15 Desember 2023.pdf' in folder 'Wilayah_2' deleted successfully.
File 'Rekap_Taksasi_Bengaris_Jumat, 15 Desember 2023.pdf' in folder 'Wilayah_3' deleted successfully.
File 'Rekap_Taksasi_Natai Baru_Jumat, 15 Desember 2023.pdf' in folder 'Wilayah_3' deleted successfully.
File 'Rekap_Taksasi_Suayap_Jumat, 15 Desember 2023.pdf' in folder 'Wilayah_3' deleted successfully.
File 'Rekap_Taksasi_Umpang_Jumat, 15 Desember 2023.pdf' in folder 'Wilayah_3' deleted successfully.
File 'Rekap_Taksasi_Badirih_Jumat, 15 Desember 2023.pdf' in folder 'Wilayah_7' deleted successfully.
File 'Rekap_Taksasi_Kanamit_Jumat, 15 Desember 2023.pdf' in folder 'Wilayah_7' deleted successfully.
File 'Rekap_Taksasi_Bahaur_Jumat, 15 Desember 2023.pdf' in folder 'Wilayah_8' deleted successfully.
File 'Rekap_Taksasi_Sulung Research Station_Jumat, 15 Desember 2023.pdf' in folder 'Wilayah_9' deleted successfully.
Process completed for 'https://srs-ssms.com/rekap_pdf/pdf_taksasi_folder.php'
Taksasi generated successfully
File "Rekap_Taksasi_Bengaris_Jumat, 15 Desember 2023.pdf" sent to the group 120363048442215265@g.us as a document!
File 'Rekap_Taksasi_Bengaris_Jumat, 15 Desember 2023.pdf' in folder 'Wilayah_3' deleted successfully.
File "Rekap_Taksasi_Natai Baru_Jumat, 15 Desember 2023.pdf" sent to the group 120363048442215265@g.us as a document!
File 'Rekap_Taksasi_Natai Baru_Jumat, 15 Desember 2023.pdf' in folder 'Wilayah_3' deleted successfully.
File "Rekap_Taksasi_Suayap_Jumat, 15 Desember 2023.pdf" sent to the group 120363048442215265@g.us as a document!
File 'Rekap_Taksasi_Suayap_Jumat, 15 Desember 2023.pdf' in folder 'Wilayah_3' deleted successfully.
File "Rekap_Taksasi_Umpang_Jumat, 15 Desember 2023.pdf" sent to the group 120363048442215265@g.us as a document!
File 'Rekap_Taksasi_Umpang_Jumat, 15 Desember 2023.pdf' in folder 'Wilayah_3' deleted successfully.
Message sent successfully!
Generate Maps at 16:57..
Message sent to the group successfully at 16:57!
Process completed for 'https://srs-ssms.com/rekap_pdf/check_taksasi_get.php'
Taksasi generated Maps successfully
File 'Rekap_Taksasi_Kenambui_Jumat, 15 Desember 2023.pdf' in folder 'Wilayah_1' deleted successfully.
File 'Rekap_Taksasi_Pulau_Jumat, 15 Desember 2023.pdf' in folder 'Wilayah_1' deleted successfully.
File 'Rekap_Taksasi_Rangda_Jumat, 15 Desember 2023.pdf' in folder 'Wilayah_1' deleted successfully.
File 'Rekap_Taksasi_Sulung_Jumat, 15 Desember 2023.pdf' in folder 'Wilayah_1' deleted successfully.
File 'Rekap_Taksasi_Batu Kotam_Jumat, 15 Desember 2023.pdf' in folder 'Wilayah_2' deleted successfully.
File 'Rekap_Taksasi_Kondang_Jumat, 15 Desember 2023.pdf' in folder 'Wilayah_2' deleted successfully.
File 'Rekap_Taksasi_Rungun_Jumat, 15 Desember 2023.pdf' in folder 'Wilayah_2' deleted successfully.
File 'Rekap_Taksasi_Selangkun_Jumat, 15 Desember 2023.pdf' in folder 'Wilayah_2' deleted successfully.
File 'Rekap_Taksasi_Badirih_Jumat, 15 Desember 2023.pdf' in folder 'Wilayah_7' deleted successfully.
File 'Rekap_Taksasi_Kanamit_Jumat, 15 Desember 2023.pdf' in folder 'Wilayah_7' deleted successfully.
File 'Rekap_Taksasi_Bahaur_Jumat, 15 Desember 2023.pdf' in folder 'Wilayah_8' deleted successfully.
File 'Rekap_Taksasi_Sulung Research Station_Jumat, 15 Desember 2023.pdf' in folder 'Wilayah_9' deleted successfully.
Sending files at 00 17 * * * (WIB)...
Message sent to the group successfully!
Process completed for 'https://srs-ssms.com/rekap_pdf/check_taksasi_get.php'
Taksasi generated Maps successfully
No files found or empty folder. Nothing to delete.
Process completed for 'https://srs-ssms.com/rekap_pdf/check_taksasi_get.php'
Taksasi generated Maps successfully
Process completed for 'https://srs-ssms.com/rekap_pdf/check_taksasi_get.php'
Taksasi generated Maps successfully
No files found or empty folder. Nothing to delete.
Process completed for 'https://srs-ssms.com/rekap_pdf/pdf_taksasi_folder_upe.php'
Taksasi generated successfully for taksasi 'UPE'
Files generated successfully for 'UPE' in folder 'Wilayah_3'.
File "Rekap_Taksasi_Umpang_Jumat, 15 Desember 2023.pdf" sent to the group 120363048442215265@g.us as a document!
File 'Rekap_Taksasi_Umpang_Jumat, 15 Desember 2023.pdf' in folder 'Wilayah_3' deleted successfully.
Process completed for 'https://srs-ssms.com/rekap_pdf/check_taksasi_get.php'
Taksasi generated Maps successfully
Process completed for 'https://srs-ssms.com/rekap_pdf/check_taksasi_get.php'
Taksasi generated Maps successfully
Process completed for 'https://srs-ssms.com/rekap_pdf/check_taksasi_get.php'
Taksasi generated Maps successfully
No files found or empty folder. Nothing to delete.
Invalid est value provided.
Process completed for 'https://srs-ssms.com/rekap_pdf/pdf_taksasi_folder.php?est=rde.php'
Taksasi generated successfully for taksasi 'RDE'
Files generated successfully for 'RDE' in folder 'Wilayah_1'.
Sender: 6281349807050@c.us
Server running on port 49808
Server running on port 50081
AUTHENTICATED
Client is ready!
No files found or empty folder. Nothing to delete.
Message sent successfully!
Generate Maps at 08:57..
Process completed for 'https://srs-ssms.com/rekap_pdf/check_taksasi_get.php'
Taksasi generated Maps successfully
No files found or empty folder. Nothing to delete.
Sending files at 00 09 * * * (WIB)...
Process completed for 'https://srs-ssms.com/rekap_pdf/check_taksasi_get.php'
Taksasi generated Maps successfully
No files found or empty folder. Nothing to delete.
Server running on port 50896
AUTHENTICATED
Client is ready!
No files found or empty folder. Nothing to delete.
Message sent successfully!
Process completed for 'https://srs-ssms.com/rekap_pdf/check_taksasi_get.php'
Taksasi generated Maps successfully
Process completed for 'https://srs-ssms.com/rekap_pdf/check_taksasi_get.php'
Taksasi generated Maps successfully
No files found or empty folder. Nothing to delete.
Process completed for 'https://srs-ssms.com/rekap_pdf/pdf_taksasi_folder.php?est=bde.php'
Taksasi generated successfully for taksasi 'BDE'
Files generated successfully for 'BDE' in folder 'Wilayah_7'.
Process completed for 'https://srs-ssms.com/rekap_pdf/check_taksasi_get.php'
Taksasi generated Maps successfully
Server running on port 51090
AUTHENTICATED
Client is ready!
No files found or empty folder. Nothing to delete.
Message sent successfully!
Process completed for 'https://srs-ssms.com/rekap_pdf/check_taksasi_get.php'
Taksasi generated Maps successfully
Process completed for 'https://srs-ssms.com/rekap_pdf/check_taksasi_get.php'
Taksasi generated Maps successfully
No files found or empty folder. Nothing to delete.
Process completed for 'https://srs-ssms.com/rekap_pdf/pdf_taksasi_folder_bde.php'
Taksasi generated successfully for taksasi 'BDE'
Files generated successfully for 'BDE' in folder 'Wilayah_7'.
File "Rekap_Taksasi_Badirih_Sabtu, 16 Desember 2023.pdf" sent to the group 120363166668733371@g.us as a document!
File 'Rekap_Taksasi_Badirih_Sabtu, 16 Desember 2023.pdf' in folder 'Wilayah_7' deleted successfully.
Process completed for 'https://srs-ssms.com/rekap_pdf/check_taksasi_get.php'
Taksasi generated Maps successfully
Process completed for 'https://srs-ssms.com/rekap_pdf/check_taksasi_get.php'
Taksasi generated Maps successfully
No files found or empty folder. Nothing to delete.
Process completed for 'https://srs-ssms.com/rekap_pdf/pdf_taksasi_folder_bde.php'
Taksasi generated successfully for taksasi 'BDE'
Files generated successfully for 'BDE' in folder 'Wilayah_7'.
File "Rekap_Taksasi_Badirih_Sabtu, 16 Desember 2023.pdf" sent to the group 120363166668733371@g.us as a document!
File 'Rekap_Taksasi_Badirih_Sabtu, 16 Desember 2023.pdf' in folder 'Wilayah_7' deleted successfully.
Server running on port 51409
AUTHENTICATED
Client is ready!
File 'Rekap_Taksasi_Badirih_Sabtu, 16 Desember 2023.pdf' in folder 'Wilayah_7' deleted successfully.
Message sent successfully!
Server running on port 51438
