Error: Failed to launch the browser process! spawn ./chrome-win/chrome.exe ENOENT


TROUBLESHOOTING: https://github.com/puppeteer/puppeteer/blob/main/docs/troubleshooting.md

    at onClose (C:\Users\jaja.valentino\Desktop\finalbotwa\node_modules\whatsapp-web.js\node_modules\puppeteer\lib\cjs\puppeteer\node\BrowserRunner.js:241:20)
    at ChildProcess.<anonymous> (C:\Users\jaja.valentino\Desktop\finalbotwa\node_modules\whatsapp-web.js\node_modules\puppeteer\lib\cjs\puppeteer\node\BrowserRunner.js:233:85)
    at ChildProcess.emit (node:events:514:28)
    at ChildProcess._handle.onexit (node:internal/child_process:292:12)
    at onErrorNT (node:internal/child_process:484:16)
    at process.processTicksAndRejections (node:internal/process/task_queues:82:21)
Error logged: Error: Unhandled Rejection at: [object Promise]. Reason: Error: Failed to launch the browser process! spawn ./chrome-win/chrome.exe ENOENT


TROUBLESHOOTING: https://github.com/puppeteer/puppeteer/blob/main/docs/troubleshooting.md

    at process.<anonymous> (C:\Users\jaja.valentino\Desktop\finalbotwa\bot\production-wa.js:75:14)
    at process.emit (node:events:526:35)
    at emit (node:internal/process/promises:150:20)
    at processPromiseRejections (node:internal/process/promises:284:27)
    at process.processTicksAndRejections (node:internal/process/task_queues:96:32)
Error reading or sending error log: TypeError: Cannot read properties of null (reading 'evaluate')
Error reading or sending error log: TypeError: Cannot read properties of null (reading 'evaluate')
Error reading or sending error log: TypeError: Cannot read properties of null (reading 'evaluate')
Error fetching data: TypeError: Cannot read properties of null (reading 'evaluate')
    at Client.getChatById (C:\Users\jaja.valentino\Desktop\finalbotwa\node_modules\whatsapp-web.js\src\Client.js:940:39)
    at sendmsgAws (C:\Users\jaja.valentino\Desktop\finalbotwa\bot\production-wa.js:1123:32)
    at statusHistory (C:\Users\jaja.valentino\Desktop\finalbotwa\bot\production-wa.js:1237:19)
    at process.processTicksAndRejections (node:internal/process/task_queues:95:5)
    at async cron.schedule.scheduled [as _execution] (C:\Users\jaja.valentino\Desktop\finalbotwa\bot\production-wa.js:1253:9)
Error reading or sending error log: TypeError: Cannot read properties of null (reading 'evaluate')
Error reading or sending error log: TypeError: Cannot read properties of null (reading 'evaluate')
Error reading or sending error log: TypeError: Cannot read properties of null (reading 'evaluate')
Error reading or sending error log: TypeError: Cannot read properties of null (reading 'evaluate')
Error reading or sending error log: TypeError: Cannot read properties of null (reading 'evaluate')
Error reading or sending error log: TypeError: Cannot read properties of null (reading 'evaluate')
Error reading or sending error log: TypeError: Cannot read properties of null (reading 'evaluate')
